This file contains any messages produced by compilers while
running configure, to aid debugging if configure makes a mistake.

It was created by libunified2 configure 0.0.6, which was
generated by GNU Autoconf 2.61.  Invocation command line was

  $ ./configure --enable-static --disable-shared --no-create --no-recursion

## --------- ##
## Platform. ##
## --------- ##

hostname = null.local
uname -m = i386
uname -r = 10.4.0
uname -s = Darwin
uname -v = Darwin Kernel Version 10.4.0: Fri Apr 23 18:28:53 PDT 2010; root:xnu-1504.7.4~1/RELEASE_I386

/usr/bin/uname -p = i386
/bin/uname -X     = unknown

/bin/arch              = unknown
/usr/bin/arch -k       = unknown
/usr/convex/getsysinfo = unknown
/usr/bin/hostinfo      = Mach kernel version:
	 Darwin Kernel Version 10.4.0: Fri Apr 23 18:28:53 PDT 2010; root:xnu-1504.7.4~1/RELEASE_I386
Kernel configured for up to 4 processors.
2 processors are physically available.
4 processors are logically available.
Processor type: i486 (Intel 80486)
Processors active: 0 1 2 3
Primary memory available: 4.00 gigabytes
Default processor set: 73 tasks, 337 threads, 4 processors
Load average: 1.64, Mach factor: 2.35
/bin/machine           = unknown
/usr/bin/oslevel       = unknown
/bin/universe          = unknown

PATH: /Library/Frameworks/Python.framework/Versions/2.6/bin
PATH: /usr/bin
PATH: /bin
PATH: /usr/sbin
PATH: /sbin
PATH: /usr/local/bin
PATH: /usr/texbin
PATH: /usr/X11/bin


## ----------- ##
## Core tests. ##
## ----------- ##

configure:1967: checking for a BSD-compatible install
configure:2023: result: /usr/bin/install -c
configure:2034: checking whether build environment is sane
configure:2077: result: yes
configure:2105: checking for a thread-safe mkdir -p
configure:2144: result: ./install-sh -c -d
configure:2157: checking for gawk
configure:2187: result: no
configure:2157: checking for mawk
configure:2187: result: no
configure:2157: checking for nawk
configure:2187: result: no
configure:2157: checking for awk
configure:2173: found /usr/bin/awk
configure:2184: result: awk
configure:2195: checking whether make sets $(MAKE)
configure:2216: result: yes
configure:2454: checking for gcc
configure:2470: found /usr/bin/gcc
configure:2481: result: gcc
configure:2719: checking for C compiler version
configure:2726: gcc --version >&5
i686-apple-darwin10-gcc-4.2.1 (GCC) 4.2.1 (Apple Inc. build 5659)
Copyright (C) 2007 Free Software Foundation, Inc.
This is free software; see the source for copying conditions.  There is NO
warranty; not even for MERCHANTABILITY or FITNESS FOR A PARTICULAR PURPOSE.

configure:2729: $? = 0
configure:2736: gcc -v >&5
Using built-in specs.
Target: i686-apple-darwin10
Configured with: /var/tmp/gcc/gcc-5659~1/src/configure --disable-checking --enable-werror --prefix=/usr --mandir=/share/man --enable-languages=c,objc,c++,obj-c++ --program-transform-name=/^[cg][^.-]*$/s/$/-4.2/ --with-slibdir=/usr/lib --build=i686-apple-darwin10 --program-prefix=i686-apple-darwin10- --host=x86_64-apple-darwin10 --target=i686-apple-darwin10 --with-gxx-include-dir=/include/c++/4.2.1
Thread model: posix
gcc version 4.2.1 (Apple Inc. build 5659)
configure:2739: $? = 0
configure:2746: gcc -V >&5
gcc-4.2: argument to `-V' is missing
configure:2749: $? = 1
configure:2772: checking for C compiler default output file name
configure:2799: gcc    conftest.c  >&5
configure:2802: $? = 0
configure:2840: result: a.out
configure:2857: checking whether the C compiler works
configure:2867: ./a.out
configure:2870: $? = 0
configure:2887: result: yes
configure:2894: checking whether we are cross compiling
configure:2896: result: no
configure:2899: checking for suffix of executables
configure:2906: gcc -o conftest    conftest.c  >&5
configure:2909: $? = 0
configure:2933: result: 
configure:2939: checking for suffix of object files
configure:2965: gcc -c   conftest.c >&5
configure:2968: $? = 0
configure:2991: result: o
configure:2995: checking whether we are using the GNU C compiler
configure:3024: gcc -c   conftest.c >&5
configure:3030: $? = 0
configure:3047: result: yes
configure:3052: checking whether gcc accepts -g
configure:3082: gcc -c -g  conftest.c >&5
configure:3088: $? = 0
configure:3187: result: yes
configure:3204: checking for gcc option to accept ISO C89
configure:3278: gcc  -c -g -O2  conftest.c >&5
configure:3284: $? = 0
configure:3307: result: none needed
configure:3336: checking for style of include used by make
configure:3364: result: GNU
configure:3389: checking dependency style of gcc
configure:3480: result: gcc3
configure:3508: checking for a BSD-compatible install
configure:3564: result: /usr/bin/install -c
configure:3618: checking for ranlib
configure:3634: found /usr/bin/ranlib
configure:3645: result: ranlib
configure:3702: checking build system type
configure:3720: result: i386-apple-darwin10.4.0
configure:3742: checking host system type
configure:3757: result: i386-apple-darwin10.4.0
configure:3779: checking for a sed that does not truncate output
configure:3858: result: /usr/bin/sed
configure:3876: checking for grep that handles long lines and -e
configure:3950: result: /usr/bin/grep
configure:3955: checking for egrep
configure:4033: result: /usr/bin/grep -E
configure:4038: checking for fgrep
configure:4116: result: /usr/bin/grep -F
configure:4151: checking for ld used by gcc
configure:4218: result: /usr/libexec/gcc/i686-apple-darwin10/4.2.1/ld
configure:4227: checking if the linker (/usr/libexec/gcc/i686-apple-darwin10/4.2.1/ld) is GNU ld
configure:4242: result: no
configure:4254: checking for BSD- or MS-compatible name lister (nm)
configure:4303: result: /usr/local/bin/nm -B
configure:4425: checking the name lister (/usr/local/bin/nm -B) interface
configure:4432: gcc -c -g -O2  conftest.c >&5
configure:4435: /usr/local/bin/nm -B "conftest.o"
configure:4438: output
0000018c D _some_variable
configure:4445: result: BSD nm
configure:4448: checking whether ln -s works
configure:4452: result: yes
configure:4460: checking the maximum length of command line arguments
configure:4580: result: 196608
configure:4597: checking whether the shell understands some XSI constructs
configure:4607: result: yes
configure:4611: checking whether the shell understands "+="
configure:4617: result: yes
configure:4652: checking for /usr/libexec/gcc/i686-apple-darwin10/4.2.1/ld option to reload object files
configure:4659: result: -r
configure:4686: checking how to recognize dependent libraries
configure:4876: result: pass_all
configure:4936: checking for ar
configure:4952: found /usr/bin/ar
configure:4963: result: ar
configure:5045: checking for strip
configure:5061: found /usr/bin/strip
configure:5072: result: strip
configure:5148: checking for ranlib
configure:5175: result: ranlib
configure:5269: checking command to parse /usr/local/bin/nm -B output from gcc object
configure:5387: gcc -c -g -O2  conftest.c >&5
configure:5390: $? = 0
configure:5394: /usr/local/bin/nm -B conftest.o \| sed -n -e 's/^.*[	 ]\([ABCDGIRSTW][ABCDGIRSTW]*\)[	 ][	 ]*\([_A-Za-z][_A-Za-z0-9]*\)$/\1 \2 \2/p' \> conftest.nm
configure:5397: $? = 0
cannot find nm_test_var in conftest.nm
configure:5387: gcc -c -g -O2  conftest.c >&5
configure:5390: $? = 0
configure:5394: /usr/local/bin/nm -B conftest.o \| sed -n -e 's/^.*[	 ]\([ABCDGIRSTW][ABCDGIRSTW]*\)[	 ][	 ]*_\([_A-Za-z][_A-Za-z0-9]*\)$/\1 _\2 \2/p' \> conftest.nm
configure:5397: $? = 0
configure:5451: gcc -o conftest -g -O2   conftest.c conftstm.o >&5
configure:5454: $? = 0
configure:5492: result: ok
configure:5782: checking for dsymutil
configure:5798: found /usr/bin/dsymutil
configure:5809: result: dsymutil
configure:5878: checking for nmedit
configure:5894: found /usr/bin/nmedit
configure:5905: result: nmedit
configure:5974: checking for lipo
configure:5990: found /usr/bin/lipo
configure:6001: result: lipo
configure:6070: checking for otool
configure:6086: found /usr/bin/otool
configure:6097: result: otool
configure:6166: checking for otool64
configure:6196: result: no
configure:6245: checking for -single_module linker flag
gcc -g -O2  -o libconftest.dylib -dynamiclib -Wl,-single_module conftest.c
configure:6272: result: yes
configure:6274: checking for -exported_symbols_list linker flag
configure:6304: gcc -o conftest -g -O2   -Wl,-exported_symbols_list,conftest.sym conftest.c  >&5
configure:6310: $? = 0
configure:6329: result: yes
configure:6371: checking how to run the C preprocessor
configure:6411: gcc -E  conftest.c
configure:6417: $? = 0
configure:6448: gcc -E  conftest.c
conftest.c:10:28: error: ac_nonexistent.h: No such file or directory
configure:6454: $? = 1
configure: failed program was:
| /* confdefs.h.  */
| #define PACKAGE_NAME "libunified2"
| #define PACKAGE_TARNAME "libunified2"
| #define PACKAGE_VERSION "0.0.6"
| #define PACKAGE_STRING "libunified2 0.0.6"
| #define PACKAGE_BUGREPORT "vroemer@gmail.com"
| #define PACKAGE "libunified2"
| #define VERSION "0.0.6"
| /* end confdefs.h.  */
| #include <ac_nonexistent.h>
configure:6487: result: gcc -E
configure:6516: gcc -E  conftest.c
configure:6522: $? = 0
configure:6553: gcc -E  conftest.c
conftest.c:10:28: error: ac_nonexistent.h: No such file or directory
configure:6559: $? = 1
configure: failed program was:
| /* confdefs.h.  */
| #define PACKAGE_NAME "libunified2"
| #define PACKAGE_TARNAME "libunified2"
| #define PACKAGE_VERSION "0.0.6"
| #define PACKAGE_STRING "libunified2 0.0.6"
| #define PACKAGE_BUGREPORT "vroemer@gmail.com"
| #define PACKAGE "libunified2"
| #define VERSION "0.0.6"
| /* end confdefs.h.  */
| #include <ac_nonexistent.h>
configure:6597: checking for ANSI C header files
configure:6627: gcc -c -g -O2  conftest.c >&5
configure:6633: $? = 0
configure:6732: gcc -o conftest -g -O2   conftest.c  >&5
configure:6735: $? = 0
configure:6741: ./conftest
configure:6744: $? = 0
configure:6761: result: yes
configure:6785: checking for sys/types.h
configure:6806: gcc -c -g -O2  conftest.c >&5
configure:6812: $? = 0
configure:6828: result: yes
configure:6785: checking for sys/stat.h
configure:6806: gcc -c -g -O2  conftest.c >&5
configure:6812: $? = 0
configure:6828: result: yes
configure:6785: checking for stdlib.h
configure:6806: gcc -c -g -O2  conftest.c >&5
configure:6812: $? = 0
configure:6828: result: yes
configure:6785: checking for string.h
configure:6806: gcc -c -g -O2  conftest.c >&5
configure:6812: $? = 0
configure:6828: result: yes
configure:6785: checking for memory.h
configure:6806: gcc -c -g -O2  conftest.c >&5
configure:6812: $? = 0
configure:6828: result: yes
configure:6785: checking for strings.h
configure:6806: gcc -c -g -O2  conftest.c >&5
configure:6812: $? = 0
configure:6828: result: yes
configure:6785: checking for inttypes.h
configure:6806: gcc -c -g -O2  conftest.c >&5
configure:6812: $? = 0
configure:6828: result: yes
configure:6785: checking for stdint.h
configure:6806: gcc -c -g -O2  conftest.c >&5
configure:6812: $? = 0
configure:6828: result: yes
configure:6785: checking for unistd.h
configure:6806: gcc -c -g -O2  conftest.c >&5
configure:6812: $? = 0
configure:6828: result: yes
configure:6844: checking for dlfcn.h
configure:6865: gcc -c -g -O2  conftest.c >&5
configure:6871: $? = 0
configure:6887: result: yes
configure:7071: checking for objdir
configure:7086: result: .libs
configure:7378: checking if gcc supports -fno-rtti -fno-exceptions
configure:7396: gcc -c -g -O2  -fno-rtti -fno-exceptions conftest.c >&5
cc1: warning: command line option "-fno-rtti" is valid for C++/ObjC++ but not for C
configure:7400: $? = 0
configure:7413: result: no
configure:7433: checking for gcc option to produce PIC
configure:7690: result: -fno-common -DPIC
configure:7702: checking if gcc PIC flag -fno-common -DPIC works
configure:7720: gcc -c -g -O2  -fno-common -DPIC -DPIC conftest.c >&5
configure:7724: $? = 0
configure:7737: result: yes
configure:7761: checking if gcc static flag -static works
configure:7789: result: no
configure:7804: checking if gcc supports -c -o file.o
configure:7825: gcc -c -g -O2  -o out/conftest2.o conftest.c >&5
configure:7829: $? = 0
configure:7851: result: yes
configure:7859: checking if gcc supports -c -o file.o
configure:7906: result: yes
configure:7939: checking whether the gcc linker (/usr/libexec/gcc/i686-apple-darwin10/4.2.1/ld) supports shared libraries
configure:8993: result: yes
configure:9232: checking dynamic linker characteristics
configure:9911: result: darwin10.4.0 dyld
configure:10013: checking how to hardcode library paths into programs
configure:10038: result: immediate
configure:10851: checking whether stripping libraries is possible
configure:10865: result: yes
configure:10891: checking if libtool supports shared libraries
configure:10893: result: yes
configure:10896: checking whether to build shared libraries
configure:10917: result: no
configure:10920: checking whether to build static libraries
configure:10924: result: yes
configure:10985: checking for ANSI C header files
configure:11149: result: yes
configure:11181: checking arpa/inet.h usability
configure:11198: gcc -c -g -O2  conftest.c >&5
configure:11204: $? = 0
configure:11218: result: yes
configure:11222: checking arpa/inet.h presence
configure:11237: gcc -E  conftest.c
configure:11243: $? = 0
configure:11257: result: yes
configure:11290: checking for arpa/inet.h
configure:11298: result: yes
configure:11181: checking fcntl.h usability
configure:11198: gcc -c -g -O2  conftest.c >&5
configure:11204: $? = 0
configure:11218: result: yes
configure:11222: checking fcntl.h presence
configure:11237: gcc -E  conftest.c
configure:11243: $? = 0
configure:11257: result: yes
configure:11290: checking for fcntl.h
configure:11298: result: yes
configure:11181: checking netinet/in.h usability
configure:11198: gcc -c -g -O2  conftest.c >&5
configure:11204: $? = 0
configure:11218: result: yes
configure:11222: checking netinet/in.h presence
configure:11237: gcc -E  conftest.c
configure:11243: $? = 0
configure:11257: result: yes
configure:11290: checking for netinet/in.h
configure:11298: result: yes
configure:11171: checking for stdint.h
configure:11177: result: yes
configure:11171: checking for stdlib.h
configure:11177: result: yes
configure:11171: checking for string.h
configure:11177: result: yes
configure:11181: checking sys/socket.h usability
configure:11198: gcc -c -g -O2  conftest.c >&5
configure:11204: $? = 0
configure:11218: result: yes
configure:11222: checking sys/socket.h presence
configure:11237: gcc -E  conftest.c
configure:11243: $? = 0
configure:11257: result: yes
configure:11290: checking for sys/socket.h
configure:11298: result: yes
configure:11171: checking for unistd.h
configure:11177: result: yes
configure:11313: checking for an ANSI C-conforming const
configure:11388: gcc -c -g -O2  conftest.c >&5
configure:11394: $? = 0
configure:11409: result: yes
configure:11420: checking for uint16_t
configure:11451: gcc -c -g -O2  conftest.c >&5
configure:11457: $? = 0
configure:11478: result: yes
configure:11492: checking for uint32_t
configure:11523: gcc -c -g -O2  conftest.c >&5
configure:11529: $? = 0
configure:11550: result: yes
configure:11568: checking for uint8_t
configure:11599: gcc -c -g -O2  conftest.c >&5
configure:11605: $? = 0
configure:11626: result: yes
configure:11650: checking for stdlib.h
configure:11656: result: yes
configure:11790: checking for GNU libc compatible malloc
configure:11824: gcc -o conftest -g -O2   conftest.c  >&5
configure:11827: $? = 0
configure:11833: ./conftest
configure:11836: $? = 0
configure:11852: result: yes
configure:11885: checking for stdlib.h
configure:11891: result: yes
configure:12025: checking for GNU libc compatible realloc
configure:12059: gcc -o conftest -g -O2   conftest.c  >&5
configure:12062: $? = 0
configure:12068: ./conftest
configure:12071: $? = 0
configure:12087: result: yes
configure:12119: checking for vprintf
configure:12175: gcc -o conftest -g -O2   conftest.c  >&5
conftest.c:59: warning: conflicting types for built-in function 'vprintf'
configure:12181: $? = 0
configure:12199: result: yes
configure:12206: checking for _doprnt
configure:12262: gcc -o conftest -g -O2   conftest.c  >&5
Undefined symbols:
  "__doprnt", referenced from:
      _main in ccKb1Mbt.o
ld: symbol(s) not found
collect2: ld returned 1 exit status
configure:12268: $? = 1
configure: failed program was:
| /* confdefs.h.  */
| #define PACKAGE_NAME "libunified2"
| #define PACKAGE_TARNAME "libunified2"
| #define PACKAGE_VERSION "0.0.6"
| #define PACKAGE_STRING "libunified2 0.0.6"
| #define PACKAGE_BUGREPORT "vroemer@gmail.com"
| #define PACKAGE "libunified2"
| #define VERSION "0.0.6"
| #define STDC_HEADERS 1
| #define HAVE_SYS_TYPES_H 1
| #define HAVE_SYS_STAT_H 1
| #define HAVE_STDLIB_H 1
| #define HAVE_STRING_H 1
| #define HAVE_MEMORY_H 1
| #define HAVE_STRINGS_H 1
| #define HAVE_INTTYPES_H 1
| #define HAVE_STDINT_H 1
| #define HAVE_UNISTD_H 1
| #define HAVE_DLFCN_H 1
| #define LT_OBJDIR ".libs/"
| #define MACOS 1
| #define STDC_HEADERS 1
| #define HAVE_ARPA_INET_H 1
| #define HAVE_FCNTL_H 1
| #define HAVE_NETINET_IN_H 1
| #define HAVE_STDINT_H 1
| #define HAVE_STDLIB_H 1
| #define HAVE_STRING_H 1
| #define HAVE_SYS_SOCKET_H 1
| #define HAVE_UNISTD_H 1
| #define HAVE_STDLIB_H 1
| #define HAVE_MALLOC 1
| #define HAVE_STDLIB_H 1
| #define HAVE_REALLOC 1
| #define HAVE_VPRINTF 1
| /* end confdefs.h.  */
| /* Define _doprnt to an innocuous variant, in case <limits.h> declares _doprnt.
|    For example, HP-UX 11i <limits.h> declares gettimeofday.  */
| #define _doprnt innocuous__doprnt
| 
| /* System header to define __stub macros and hopefully few prototypes,
|     which can conflict with char _doprnt (); below.
|     Prefer <limits.h> to <assert.h> if __STDC__ is defined, since
|     <limits.h> exists even on freestanding compilers.  */
| 
| #ifdef __STDC__
| # include <limits.h>
| #else
| # include <assert.h>
| #endif
| 
| #undef _doprnt
| 
| /* Override any GCC internal prototype to avoid an error.
|    Use char because int might match the return type of a GCC
|    builtin and then its argument prototype would still apply.  */
| #ifdef __cplusplus
| extern "C"
| #endif
| char _doprnt ();
| /* The GNU C library defines this for functions which it implements
|     to always fail with ENOSYS.  Some functions are actually named
|     something starting with __ and the normal name is an alias.  */
| #if defined __stub__doprnt || defined __stub____doprnt
| choke me
| #endif
| 
| int
| main ()
| {
| return _doprnt ();
|   ;
|   return 0;
| }
configure:12285: result: no
configure:12305: checking for memset
configure:12361: gcc -o conftest -g -O2   conftest.c  >&5
conftest.c:60: warning: conflicting types for built-in function 'memset'
configure:12367: $? = 0
configure:12385: result: yes
configure:12305: checking for strdup
configure:12361: gcc -o conftest -g -O2   conftest.c  >&5
conftest.c:61: warning: conflicting types for built-in function 'strdup'
configure:12367: $? = 0
configure:12385: result: yes
configure:12305: checking for strerror
configure:12361: gcc -o conftest -g -O2   conftest.c  >&5
configure:12367: $? = 0
configure:12385: result: yes
configure:12512: creating ./config.status

## ---------------- ##
## Cache variables. ##
## ---------------- ##

ac_cv_build=i386-apple-darwin10.4.0
ac_cv_c_compiler_gnu=yes
ac_cv_c_const=yes
ac_cv_c_uint16_t=yes
ac_cv_c_uint32_t=yes
ac_cv_c_uint8_t=yes
ac_cv_env_CC_set=
ac_cv_env_CC_value=
ac_cv_env_CFLAGS_set=
ac_cv_env_CFLAGS_value=
ac_cv_env_CPPFLAGS_set=
ac_cv_env_CPPFLAGS_value=
ac_cv_env_CPP_set=
ac_cv_env_CPP_value=
ac_cv_env_LDFLAGS_set=
ac_cv_env_LDFLAGS_value=
ac_cv_env_LIBS_set=
ac_cv_env_LIBS_value=
ac_cv_env_build_alias_set=
ac_cv_env_build_alias_value=
ac_cv_env_host_alias_set=
ac_cv_env_host_alias_value=
ac_cv_env_target_alias_set=
ac_cv_env_target_alias_value=
ac_cv_func__doprnt=no
ac_cv_func_malloc_0_nonnull=yes
ac_cv_func_memset=yes
ac_cv_func_realloc_0_nonnull=yes
ac_cv_func_strdup=yes
ac_cv_func_strerror=yes
ac_cv_func_vprintf=yes
ac_cv_header_arpa_inet_h=yes
ac_cv_header_dlfcn_h=yes
ac_cv_header_fcntl_h=yes
ac_cv_header_inttypes_h=yes
ac_cv_header_memory_h=yes
ac_cv_header_netinet_in_h=yes
ac_cv_header_stdc=yes
ac_cv_header_stdint_h=yes
ac_cv_header_stdlib_h=yes
ac_cv_header_string_h=yes
ac_cv_header_strings_h=yes
ac_cv_header_sys_socket_h=yes
ac_cv_header_sys_stat_h=yes
ac_cv_header_sys_types_h=yes
ac_cv_header_unistd_h=yes
ac_cv_host=i386-apple-darwin10.4.0
ac_cv_objext=o
ac_cv_path_EGREP='/usr/bin/grep -E'
ac_cv_path_FGREP='/usr/bin/grep -F'
ac_cv_path_GREP=/usr/bin/grep
ac_cv_path_SED=/usr/bin/sed
ac_cv_path_install='/usr/bin/install -c'
ac_cv_prog_AWK=awk
ac_cv_prog_CPP='gcc -E'
ac_cv_prog_ac_ct_AR=ar
ac_cv_prog_ac_ct_CC=gcc
ac_cv_prog_ac_ct_DSYMUTIL=dsymutil
ac_cv_prog_ac_ct_LIPO=lipo
ac_cv_prog_ac_ct_NMEDIT=nmedit
ac_cv_prog_ac_ct_OTOOL=otool
ac_cv_prog_ac_ct_RANLIB=ranlib
ac_cv_prog_ac_ct_STRIP=strip
ac_cv_prog_cc_c89=
ac_cv_prog_cc_g=yes
ac_cv_prog_make_make_set=yes
am_cv_CC_dependencies_compiler_type=gcc3
lt_cv_apple_cc_single_mod=yes
lt_cv_deplibs_check_method=pass_all
lt_cv_file_magic_cmd='$MAGIC_CMD'
lt_cv_file_magic_test_file=
lt_cv_ld_exported_symbols_list=yes
lt_cv_ld_reload_flag=-r
lt_cv_nm_interface='BSD nm'
lt_cv_objdir=.libs
lt_cv_path_LD=/usr/libexec/gcc/i686-apple-darwin10/4.2.1/ld
lt_cv_path_NM='/usr/local/bin/nm -B'
lt_cv_prog_compiler_c_o=yes
lt_cv_prog_compiler_pic_works=yes
lt_cv_prog_compiler_rtti_exceptions=no
lt_cv_prog_compiler_static_works=no
lt_cv_prog_gnu_ld=no
lt_cv_sys_global_symbol_pipe='sed -n -e '\''s/^.*[	 ]\([ABCDGIRSTW][ABCDGIRSTW]*\)[	 ][	 ]*_\([_A-Za-z][_A-Za-z0-9]*\)$/\1 _\2 \2/p'\'''
lt_cv_sys_global_symbol_to_c_name_address='sed -n -e '\''s/^: \([^ ]*\) $/  {\"\1\", (void *) 0},/p'\'' -e '\''s/^[ABCDGIRSTW]* \([^ ]*\) \([^ ]*\)$/  {"\2", (void *) \&\2},/p'\'''
lt_cv_sys_global_symbol_to_c_name_address_lib_prefix='sed -n -e '\''s/^: \([^ ]*\) $/  {\"\1\", (void *) 0},/p'\'' -e '\''s/^[ABCDGIRSTW]* \([^ ]*\) \(lib[^ ]*\)$/  {"\2", (void *) \&\2},/p'\'' -e '\''s/^[ABCDGIRSTW]* \([^ ]*\) \([^ ]*\)$/  {"lib\2", (void *) \&\2},/p'\'''
lt_cv_sys_global_symbol_to_cdecl='sed -n -e '\''s/^T .* \(.*\)$/extern int \1();/p'\'' -e '\''s/^[ABCDGIRSTW]* .* \(.*\)$/extern char \1;/p'\'''
lt_cv_sys_max_cmd_len=196608

## ----------------- ##
## Output variables. ##
## ----------------- ##

ACLOCAL='${SHELL} /Users/vroemer/Code/libunified2/libunified2-0.0.6/missing --run aclocal-1.10'
AMDEPBACKSLASH='\'
AMDEP_FALSE='#'
AMDEP_TRUE=''
AMTAR='${SHELL} /Users/vroemer/Code/libunified2/libunified2-0.0.6/missing --run tar'
AR='ar'
AUTOCONF='${SHELL} /Users/vroemer/Code/libunified2/libunified2-0.0.6/missing --run autoconf'
AUTOHEADER='${SHELL} /Users/vroemer/Code/libunified2/libunified2-0.0.6/missing --run autoheader'
AUTOMAKE='${SHELL} /Users/vroemer/Code/libunified2/libunified2-0.0.6/missing --run automake-1.10'
AWK='awk'
CC='gcc'
CCDEPMODE='depmode=gcc3'
CFLAGS='-g -O2'
CPP='gcc -E'
CPPFLAGS=''
CYGPATH_W='echo'
DEFS='-DHAVE_CONFIG_H'
DEPDIR='.deps'
DSYMUTIL='dsymutil'
DUMPBIN=''
ECHO_C='ECHO_N=''
ECHO_T=''
EGREP='/usr/bin/grep -E'
EXEEXT=''
FGREP='/usr/bin/grep -F'
GREP='/usr/bin/grep'
INSTALL_DATA='${INSTALL} -m 644'
INSTALL_PROGRAM='${INSTALL}'
INSTALL_SCRIPT='${INSTALL}'
INSTALL_STRIP_PROGRAM='$(install_sh) -c -s'
LD='/usr/libexec/gcc/i686-apple-darwin10/4.2.1/ld'
LDFLAGS=''
LIBOBJS=''
LIBS=''
LIBTOOL='$(SHELL) $(top_builddir)/libtool'
LIPO='lipo'
LN_S='ln -s'
LTLIBOBJS=''
MAKEINFO='${SHELL} /Users/vroemer/Code/libunified2/libunified2-0.0.6/missing --run makeinfo'
NM='/usr/local/bin/nm -B'
NMEDIT='nmedit'
OBJEXT='o'
OTOOL64=':'
OTOOL='otool'
PACKAGE='libunified2'
PACKAGE_BUGREPORT='vroemer@gmail.com'
PACKAGE_NAME='libunified2'
PACKAGE_STRING='libunified2 0.0.6'
PACKAGE_TARNAME='libunified2'
PACKAGE_VERSION='0.0.6'
PATH_SEPARATOR=':'
RANLIB='ranlib'
SED='/usr/bin/sed'
SET_MAKE=''
SHELL='/bin/sh'
STRIP='strip'
VERSION='0.0.6'
ac_ct_CC='gcc'
ac_ct_DUMPBIN=''
am__fastdepCC_FALSE='#'
am__fastdepCC_TRUE=''
am__include='include'
am__isrc=''
am__leading_dot='.'
am__quote=''
am__tar='${AMTAR} chof - "$$tardir"'
am__untar='${AMTAR} xf -'
bindir='${exec_prefix}/bin'
build='i386-apple-darwin10.4.0'
build_alias=''
build_cpu='i386'
build_os='darwin10.4.0'
build_vendor='apple'
datadir='${datarootdir}'
datarootdir='${prefix}/share'
docdir='${datarootdir}/doc/${PACKAGE_TARNAME}'
dvidir='${docdir}'
exec_prefix='${prefix}'
host='i386-apple-darwin10.4.0'
host_alias=''
host_cpu='i386'
host_os='darwin10.4.0'
host_vendor='apple'
htmldir='${docdir}'
includedir='${prefix}/include'
infodir='${datarootdir}/info'
install_sh='$(SHELL) /Users/vroemer/Code/libunified2/libunified2-0.0.6/install-sh'
libdir='${exec_prefix}/lib'
libexecdir='${exec_prefix}/libexec'
localedir='${datarootdir}/locale'
localstatedir='${prefix}/var'
lt_ECHO='/bin/echo'
mandir='${datarootdir}/man'
mkdir_p='$(top_builddir)/./install-sh -c -d'
oldincludedir='/usr/include'
pdfdir='${docdir}'
prefix='/usr/local'
program_transform_name='s,x,x,'
psdir='${docdir}'
sbindir='${exec_prefix}/sbin'
sharedstatedir='${prefix}/com'
sysconfdir='${prefix}/etc'
target_alias=''

## ----------- ##
## confdefs.h. ##
## ----------- ##

#define PACKAGE_NAME "libunified2"
#define PACKAGE_TARNAME "libunified2"
#define PACKAGE_VERSION "0.0.6"
#define PACKAGE_STRING "libunified2 0.0.6"
#define PACKAGE_BUGREPORT "vroemer@gmail.com"
#define PACKAGE "libunified2"
#define VERSION "0.0.6"
#define STDC_HEADERS 1
#define HAVE_SYS_TYPES_H 1
#define HAVE_SYS_STAT_H 1
#define HAVE_STDLIB_H 1
#define HAVE_STRING_H 1
#define HAVE_MEMORY_H 1
#define HAVE_STRINGS_H 1
#define HAVE_INTTYPES_H 1
#define HAVE_STDINT_H 1
#define HAVE_UNISTD_H 1
#define HAVE_DLFCN_H 1
#define LT_OBJDIR ".libs/"
#define MACOS 1
#define STDC_HEADERS 1
#define HAVE_ARPA_INET_H 1
#define HAVE_FCNTL_H 1
#define HAVE_NETINET_IN_H 1
#define HAVE_STDINT_H 1
#define HAVE_STDLIB_H 1
#define HAVE_STRING_H 1
#define HAVE_SYS_SOCKET_H 1
#define HAVE_UNISTD_H 1
#define HAVE_STDLIB_H 1
#define HAVE_MALLOC 1
#define HAVE_STDLIB_H 1
#define HAVE_REALLOC 1
#define HAVE_VPRINTF 1
#define HAVE_MEMSET 1
#define HAVE_STRDUP 1
#define HAVE_STRERROR 1

configure: exit 0

## ---------------------- ##
## Running config.status. ##
## ---------------------- ##

This file was extended by libunified2 config.status 0.0.6, which was
generated by GNU Autoconf 2.61.  Invocation command line was

  CONFIG_FILES    = 
  CONFIG_HEADERS  = 
  CONFIG_LINKS    = 
  CONFIG_COMMANDS = 
  $ ./config.status 

on null.local

config.status:847: creating Makefile
config.status:847: creating include/Makefile
config.status:847: creating src/Makefile
config.status:847: creating src/apps/Makefile
config.status:847: creating src/libunified2/Makefile
config.status:847: creating config.h
config.status:1093: config.h is unchanged
config.status:1139: executing depfiles commands
config.status:1139: executing libtool commands

## ---------------------- ##
## Running config.status. ##
## ---------------------- ##

This file was extended by libunified2 config.status 0.0.6, which was
generated by GNU Autoconf 2.61.  Invocation command line was

  CONFIG_FILES    = 
  CONFIG_HEADERS  = 
  CONFIG_LINKS    = 
  CONFIG_COMMANDS = 
  $ ./config.status config.h

on null.home

config.status:847: creating config.h
config.status:1093: config.h is unchanged
